<?xml version="1.0" encoding="UTF-8"?>
<!-- Generated by org.testng.reporters.JUnitReportReporter -->
<testsuite hostname="DESKTOP-JEQKG24" failures="0" tests="2" name="org.test.Browser" time="4.195" errors="0" timestamp="2024-12-26T12:01:46 IST" skipped="0">
  <testcase classname="org.test.Browser" name="validateTableSearchResults" time="0.323"/>
  <system-out/>
  <testcase classname="org.test.Browser" name="setUp" time="3.872"/>
  <system-out/>
</testsuite> <!-- org.test.Browser -->
